2016-03-12 23:37:39 Error: Fatal Error (1): Class 'PDO' not found in [/home/preproduction/public_html/lib/Cake/Model/Datasource/Database/Mysql.php, line 249]
2016-03-12 23:37:39 Error: [InternalErrorException] Internal Server Error
Request URL: /
Stack Trace:
#0 /home/preproduction/public_html/lib/Cake/Error/ErrorHandler.php(185): ErrorHandler::handleFatalError(1, 'Class 'PDO' not...', '/home/preproduc...', 249)
#1 [internal function]: ErrorHandler::handleError(1, 'Class 'PDO' not...', '/home/preproduc...', 249, Array)
#2 /home/preproduction/public_html/lib/Cake/Core/App.php(1034): call_user_func('ErrorHandler::h...', 1, 'Class 'PDO' not...', '/home/preproduc...', 249, Array)
#3 /home/preproduction/public_html/lib/Cake/Core/App.php(1007): App::_checkFatalError()
#4 [internal function]: App::shutdown()
#5 {main}
2016-03-12 23:46:08 Error: Fatal Error (1): Class 'PDO' not found in [/home/preproduction/public_html/lib/Cake/Model/Datasource/Database/Mysql.php, line 249]
2016-03-12 23:46:08 Error: [InternalErrorException] Internal Server Error
Request URL: /
Stack Trace:
#0 /home/preproduction/public_html/lib/Cake/Error/ErrorHandler.php(185): ErrorHandler::handleFatalError(1, 'Class 'PDO' not...', '/home/preproduc...', 249)
#1 [internal function]: ErrorHandler::handleError(1, 'Class 'PDO' not...', '/home/preproduc...', 249, Array)
#2 /home/preproduction/public_html/lib/Cake/Core/App.php(1034): call_user_func('ErrorHandler::h...', 1, 'Class 'PDO' not...', '/home/preproduc...', 249, Array)
#3 /home/preproduction/public_html/lib/Cake/Core/App.php(1007): App::_checkFatalError()
#4 [internal function]: App::shutdown()
#5 {main}
2016-03-12 23:46:08 Error: Fatal Error (1): Class 'PDO' not found in [/home/preproduction/public_html/lib/Cake/Model/Datasource/Database/Mysql.php, line 249]
2016-03-12 23:46:08 Error: [InternalErrorException] Internal Server Error
Request URL: /
Stack Trace:
#0 /home/preproduction/public_html/lib/Cake/Error/ErrorHandler.php(185): ErrorHandler::handleFatalError(1, 'Class 'PDO' not...', '/home/preproduc...', 249)
#1 [internal function]: ErrorHandler::handleError(1, 'Class 'PDO' not...', '/home/preproduc...', 249, Array)
#2 /home/preproduction/public_html/lib/Cake/Core/App.php(1034): call_user_func('ErrorHandler::h...', 1, 'Class 'PDO' not...', '/home/preproduc...', 249, Array)
#3 /home/preproduction/public_html/lib/Cake/Core/App.php(1007): App::_checkFatalError()
#4 [internal function]: App::shutdown()
#5 {main}
2016-03-13 01:55:14 Error: Fatal Error (1): Class 'PDO' not found in [/home/preproduction/public_html/lib/Cake/Model/Datasource/Database/Mysql.php, line 249]
2016-03-13 01:55:14 Error: [InternalErrorException] Internal Server Error
Request URL: /
Stack Trace:
#0 /home/preproduction/public_html/lib/Cake/Error/ErrorHandler.php(185): ErrorHandler::handleFatalError(1, 'Class 'PDO' not...', '/home/preproduc...', 249)
#1 [internal function]: ErrorHandler::handleError(1, 'Class 'PDO' not...', '/home/preproduc...', 249, Array)
#2 /home/preproduction/public_html/lib/Cake/Core/App.php(1034): call_user_func('ErrorHandler::h...', 1, 'Class 'PDO' not...', '/home/preproduc...', 249, Array)
#3 /home/preproduction/public_html/lib/Cake/Core/App.php(1007): App::_checkFatalError()
#4 [internal function]: App::shutdown()
#5 {main}
2016-03-13 01:55:35 Error: Fatal Error (1): Class 'PDO' not found in [/home/preproduction/public_html/lib/Cake/Model/Datasource/Database/Mysql.php, line 249]
2016-03-13 01:55:35 Error: [InternalErrorException] Internal Server Error
Request URL: /
Stack Trace:
#0 /home/preproduction/public_html/lib/Cake/Error/ErrorHandler.php(185): ErrorHandler::handleFatalError(1, 'Class 'PDO' not...', '/home/preproduc...', 249)
#1 [internal function]: ErrorHandler::handleError(1, 'Class 'PDO' not...', '/home/preproduc...', 249, Array)
#2 /home/preproduction/public_html/lib/Cake/Core/App.php(1034): call_user_func('ErrorHandler::h...', 1, 'Class 'PDO' not...', '/home/preproduc...', 249, Array)
#3 /home/preproduction/public_html/lib/Cake/Core/App.php(1007): App::_checkFatalError()
#4 [internal function]: App::shutdown()
#5 {main}
2016-03-13 11:54:30 Error: Fatal Error (1): Class 'PDO' not found in [/home/preproduction/public_html/lib/Cake/Model/Datasource/Database/Mysql.php, line 249]
2016-03-13 11:54:31 Error: [InternalErrorException] Internal Server Error
Request URL: /
Stack Trace:
#0 /home/preproduction/public_html/lib/Cake/Error/ErrorHandler.php(185): ErrorHandler::handleFatalError(1, 'Class 'PDO' not...', '/home/preproduc...', 249)
#1 [internal function]: ErrorHandler::handleError(1, 'Class 'PDO' not...', '/home/preproduc...', 249, Array)
#2 /home/preproduction/public_html/lib/Cake/Core/App.php(1034): call_user_func('ErrorHandler::h...', 1, 'Class 'PDO' not...', '/home/preproduc...', 249, Array)
#3 /home/preproduction/public_html/lib/Cake/Core/App.php(1007): App::_checkFatalError()
#4 [internal function]: App::shutdown()
#5 {main}
2016-03-13 11:54:46 Error: Fatal Error (1): Class 'PDO' not found in [/home/preproduction/public_html/lib/Cake/Model/Datasource/Database/Mysql.php, line 249]
2016-03-13 11:54:46 Error: [InternalErrorException] Internal Server Error
Request URL: /
Stack Trace:
#0 /home/preproduction/public_html/lib/Cake/Error/ErrorHandler.php(185): ErrorHandler::handleFatalError(1, 'Class 'PDO' not...', '/home/preproduc...', 249)
#1 [internal function]: ErrorHandler::handleError(1, 'Class 'PDO' not...', '/home/preproduc...', 249, Array)
#2 /home/preproduction/public_html/lib/Cake/Core/App.php(1034): call_user_func('ErrorHandler::h...', 1, 'Class 'PDO' not...', '/home/preproduc...', 249, Array)
#3 /home/preproduction/public_html/lib/Cake/Core/App.php(1007): App::_checkFatalError()
#4 [internal function]: App::shutdown()
#5 {main}
2016-03-13 13:48:25 Error: Fatal Error (1): Class 'PDO' not found in [/home/preproduction/public_html/lib/Cake/Model/Datasource/Database/Mysql.php, line 249]
2016-03-13 13:48:25 Error: [InternalErrorException] Internal Server Error
Request URL: /
Stack Trace:
#0 /home/preproduction/public_html/lib/Cake/Error/ErrorHandler.php(185): ErrorHandler::handleFatalError(1, 'Class 'PDO' not...', '/home/preproduc...', 249)
#1 [internal function]: ErrorHandler::handleError(1, 'Class 'PDO' not...', '/home/preproduc...', 249, Array)
#2 /home/preproduction/public_html/lib/Cake/Core/App.php(1034): call_user_func('ErrorHandler::h...', 1, 'Class 'PDO' not...', '/home/preproduc...', 249, Array)
#3 /home/preproduction/public_html/lib/Cake/Core/App.php(1007): App::_checkFatalError()
#4 [internal function]: App::shutdown()
#5 {main}
2016-03-13 23:11:30 Error: Fatal Error (1): Class 'PDO' not found in [/home/preproduction/public_html/lib/Cake/Model/Datasource/Database/Mysql.php, line 249]
2016-03-13 23:11:30 Error: [InternalErrorException] Internal Server Error
Request URL: /
Stack Trace:
#0 /home/preproduction/public_html/lib/Cake/Error/ErrorHandler.php(185): ErrorHandler::handleFatalError(1, 'Class 'PDO' not...', '/home/preproduc...', 249)
#1 [internal function]: ErrorHandler::handleError(1, 'Class 'PDO' not...', '/home/preproduc...', 249, Array)
#2 /home/preproduction/public_html/lib/Cake/Core/App.php(1034): call_user_func('ErrorHandler::h...', 1, 'Class 'PDO' not...', '/home/preproduc...', 249, Array)
#3 /home/preproduction/public_html/lib/Cake/Core/App.php(1007): App::_checkFatalError()
#4 [internal function]: App::shutdown()
#5 {main}
2016-03-14 00:33:59 Error: Fatal Error (1): Class 'PDO' not found in [/home/preproduction/public_html/lib/Cake/Model/Datasource/Database/Mysql.php, line 249]
2016-03-14 00:33:59 Error: [InternalErrorException] Internal Server Error
Request URL: /
Stack Trace:
#0 /home/preproduction/public_html/lib/Cake/Error/ErrorHandler.php(185): ErrorHandler::handleFatalError(1, 'Class 'PDO' not...', '/home/preproduc...', 249)
#1 [internal function]: ErrorHandler::handleError(1, 'Class 'PDO' not...', '/home/preproduc...', 249, Array)
#2 /home/preproduction/public_html/lib/Cake/Core/App.php(1034): call_user_func('ErrorHandler::h...', 1, 'Class 'PDO' not...', '/home/preproduc...', 249, Array)
#3 /home/preproduction/public_html/lib/Cake/Core/App.php(1007): App::_checkFatalError()
#4 [internal function]: App::shutdown()
#5 {main}
2016-03-14 01:58:10 Error: Fatal Error (1): Class 'PDO' not found in [/home/preproduction/public_html/lib/Cake/Model/Datasource/Database/Mysql.php, line 249]
2016-03-14 01:58:10 Error: [InternalErrorException] Internal Server Error
Request URL: /
Stack Trace:
#0 /home/preproduction/public_html/lib/Cake/Error/ErrorHandler.php(185): ErrorHandler::handleFatalError(1, 'Class 'PDO' not...', '/home/preproduc...', 249)
#1 [internal function]: ErrorHandler::handleError(1, 'Class 'PDO' not...', '/home/preproduc...', 249, Array)
#2 /home/preproduction/public_html/lib/Cake/Core/App.php(1034): call_user_func('ErrorHandler::h...', 1, 'Class 'PDO' not...', '/home/preproduc...', 249, Array)
#3 /home/preproduction/public_html/lib/Cake/Core/App.php(1007): App::_checkFatalError()
#4 [internal function]: App::shutdown()
#5 {main}
2016-03-14 06:42:22 Error: Fatal Error (1): Class 'PDO' not found in [/home/preproduction/public_html/lib/Cake/Model/Datasource/Database/Mysql.php, line 249]
2016-03-14 06:42:22 Error: [InternalErrorException] Internal Server Error
Request URL: /
Stack Trace:
#0 /home/preproduction/public_html/lib/Cake/Error/ErrorHandler.php(185): ErrorHandler::handleFatalError(1, 'Class 'PDO' not...', '/home/preproduc...', 249)
#1 [internal function]: ErrorHandler::handleError(1, 'Class 'PDO' not...', '/home/preproduc...', 249, Array)
#2 /home/preproduction/public_html/lib/Cake/Core/App.php(1034): call_user_func('ErrorHandler::h...', 1, 'Class 'PDO' not...', '/home/preproduc...', 249, Array)
#3 /home/preproduction/public_html/lib/Cake/Core/App.php(1007): App::_checkFatalError()
#4 [internal function]: App::shutdown()
#5 {main}
2016-03-14 10:34:35 Error: Fatal Error (1): Class 'PDO' not found in [/home/preproduction/public_html/lib/Cake/Model/Datasource/Database/Mysql.php, line 249]
2016-03-14 10:34:35 Error: [InternalErrorException] Internal Server Error
Request URL: /
Stack Trace:
#0 /home/preproduction/public_html/lib/Cake/Error/ErrorHandler.php(185): ErrorHandler::handleFatalError(1, 'Class 'PDO' not...', '/home/preproduc...', 249)
#1 [internal function]: ErrorHandler::handleError(1, 'Class 'PDO' not...', '/home/preproduc...', 249, Array)
#2 /home/preproduction/public_html/lib/Cake/Core/App.php(1034): call_user_func('ErrorHandler::h...', 1, 'Class 'PDO' not...', '/home/preproduc...', 249, Array)
#3 /home/preproduction/public_html/lib/Cake/Core/App.php(1007): App::_checkFatalError()
#4 [internal function]: App::shutdown()
#5 {main}
2016-03-14 12:07:10 Error: Fatal Error (1): Class 'PDO' not found in [/home/preproduction/public_html/lib/Cake/Model/Datasource/Database/Mysql.php, line 249]
2016-03-14 12:07:10 Error: [InternalErrorException] Internal Server Error
Request URL: /
Stack Trace:
#0 /home/preproduction/public_html/lib/Cake/Error/ErrorHandler.php(185): ErrorHandler::handleFatalError(1, 'Class 'PDO' not...', '/home/preproduc...', 249)
#1 [internal function]: ErrorHandler::handleError(1, 'Class 'PDO' not...', '/home/preproduc...', 249, Array)
#2 /home/preproduction/public_html/lib/Cake/Core/App.php(1034): call_user_func('ErrorHandler::h...', 1, 'Class 'PDO' not...', '/home/preproduc...', 249, Array)
#3 /home/preproduction/public_html/lib/Cake/Core/App.php(1007): App::_checkFatalError()
#4 [internal function]: App::shutdown()
#5 {main}
2016-03-14 12:10:40 Error: Fatal Error (1): Class 'PDO' not found in [/home/preproduction/public_html/lib/Cake/Model/Datasource/Database/Mysql.php, line 249]
2016-03-14 12:10:40 Error: [InternalErrorException] Internal Server Error
Request URL: /
Stack Trace:
#0 /home/preproduction/public_html/lib/Cake/Error/ErrorHandler.php(185): ErrorHandler::handleFatalError(1, 'Class 'PDO' not...', '/home/preproduc...', 249)
#1 [internal function]: ErrorHandler::handleError(1, 'Class 'PDO' not...', '/home/preproduc...', 249, Array)
#2 /home/preproduction/public_html/lib/Cake/Core/App.php(1034): call_user_func('ErrorHandler::h...', 1, 'Class 'PDO' not...', '/home/preproduc...', 249, Array)
#3 /home/preproduction/public_html/lib/Cake/Core/App.php(1007): App::_checkFatalError()
#4 [internal function]: App::shutdown()
#5 {main}
2016-03-14 18:22:01 Error: Fatal Error (1): Class 'PDO' not found in [/home/preproduction/public_html/lib/Cake/Model/Datasource/Database/Mysql.php, line 249]
2016-03-14 18:22:03 Error: [InternalErrorException] Internal Server Error
Request URL: /
Stack Trace:
#0 /home/preproduction/public_html/lib/Cake/Error/ErrorHandler.php(185): ErrorHandler::handleFatalError(1, 'Class 'PDO' not...', '/home/preproduc...', 249)
#1 [internal function]: ErrorHandler::handleError(1, 'Class 'PDO' not...', '/home/preproduc...', 249, Array)
#2 /home/preproduction/public_html/lib/Cake/Core/App.php(1034): call_user_func('ErrorHandler::h...', 1, 'Class 'PDO' not...', '/home/preproduc...', 249, Array)
#3 /home/preproduction/public_html/lib/Cake/Core/App.php(1007): App::_checkFatalError()
#4 [internal function]: App::shutdown()
#5 {main}
2016-03-14 20:40:19 Error: Fatal Error (1): Class 'PDO' not found in [/home/preproduction/public_html/lib/Cake/Model/Datasource/Database/Mysql.php, line 249]
2016-03-14 20:40:19 Error: [InternalErrorException] Internal Server Error
Request URL: /
Stack Trace:
#0 /home/preproduction/public_html/lib/Cake/Error/ErrorHandler.php(185): ErrorHandler::handleFatalError(1, 'Class 'PDO' not...', '/home/preproduc...', 249)
#1 [internal function]: ErrorHandler::handleError(1, 'Class 'PDO' not...', '/home/preproduc...', 249, Array)
#2 /home/preproduction/public_html/lib/Cake/Core/App.php(1034): call_user_func('ErrorHandler::h...', 1, 'Class 'PDO' not...', '/home/preproduc...', 249, Array)
#3 /home/preproduction/public_html/lib/Cake/Core/App.php(1007): App::_checkFatalError()
#4 [internal function]: App::shutdown()
#5 {main}
2016-03-14 23:15:51 Error: Fatal Error (1): Class 'PDO' not found in [/home/preproduction/public_html/lib/Cake/Model/Datasource/Database/Mysql.php, line 249]
2016-03-14 23:15:51 Error: [InternalErrorException] Internal Server Error
Request URL: /
Stack Trace:
#0 /home/preproduction/public_html/lib/Cake/Error/ErrorHandler.php(185): ErrorHandler::handleFatalError(1, 'Class 'PDO' not...', '/home/preproduc...', 249)
#1 [internal function]: ErrorHandler::handleError(1, 'Class 'PDO' not...', '/home/preproduc...', 249, Array)
#2 /home/preproduction/public_html/lib/Cake/Core/App.php(1034): call_user_func('ErrorHandler::h...', 1, 'Class 'PDO' not...', '/home/preproduc...', 249, Array)
#3 /home/preproduction/public_html/lib/Cake/Core/App.php(1007): App::_checkFatalError()
#4 [internal function]: App::shutdown()
#5 {main}
2016-03-15 01:48:35 Error: Fatal Error (1): Class 'PDO' not found in [/home/preproduction/public_html/lib/Cake/Model/Datasource/Database/Mysql.php, line 249]
2016-03-15 01:48:35 Error: [InternalErrorException] Internal Server Error
Request URL: /
Stack Trace:
#0 /home/preproduction/public_html/lib/Cake/Error/ErrorHandler.php(185): ErrorHandler::handleFatalError(1, 'Class 'PDO' not...', '/home/preproduc...', 249)
#1 [internal function]: ErrorHandler::handleError(1, 'Class 'PDO' not...', '/home/preproduc...', 249, Array)
#2 /home/preproduction/public_html/lib/Cake/Core/App.php(1034): call_user_func('ErrorHandler::h...', 1, 'Class 'PDO' not...', '/home/preproduc...', 249, Array)
#3 /home/preproduction/public_html/lib/Cake/Core/App.php(1007): App::_checkFatalError()
#4 [internal function]: App::shutdown()
#5 {main}
2016-03-15 02:12:11 Error: Fatal Error (1): Class 'PDO' not found in [/home/preproduction/public_html/lib/Cake/Model/Datasource/Database/Mysql.php, line 249]
2016-03-15 02:12:11 Error: [InternalErrorException] Internal Server Error
Request URL: /
Stack Trace:
#0 /home/preproduction/public_html/lib/Cake/Error/ErrorHandler.php(185): ErrorHandler::handleFatalError(1, 'Class 'PDO' not...', '/home/preproduc...', 249)
#1 [internal function]: ErrorHandler::handleError(1, 'Class 'PDO' not...', '/home/preproduc...', 249, Array)
#2 /home/preproduction/public_html/lib/Cake/Core/App.php(1034): call_user_func('ErrorHandler::h...', 1, 'Class 'PDO' not...', '/home/preproduc...', 249, Array)
#3 /home/preproduction/public_html/lib/Cake/Core/App.php(1007): App::_checkFatalError()
#4 [internal function]: App::shutdown()
#5 {main}
2016-03-15 04:50:39 Error: Fatal Error (1): Class 'PDO' not found in [/home/preproduction/public_html/lib/Cake/Model/Datasource/Database/Mysql.php, line 249]
2016-03-15 04:50:39 Error: [InternalErrorException] Internal Server Error
Request URL: /
Stack Trace:
#0 /home/preproduction/public_html/lib/Cake/Error/ErrorHandler.php(185): ErrorHandler::handleFatalError(1, 'Class 'PDO' not...', '/home/preproduc...', 249)
#1 [internal function]: ErrorHandler::handleError(1, 'Class 'PDO' not...', '/home/preproduc...', 249, Array)
#2 /home/preproduction/public_html/lib/Cake/Core/App.php(1034): call_user_func('ErrorHandler::h...', 1, 'Class 'PDO' not...', '/home/preproduc...', 249, Array)
#3 /home/preproduction/public_html/lib/Cake/Core/App.php(1007): App::_checkFatalError()
#4 [internal function]: App::shutdown()
#5 {main}
2016-03-15 06:05:40 Error: Fatal Error (1): Class 'PDO' not found in [/home/preproduction/public_html/lib/Cake/Model/Datasource/Database/Mysql.php, line 249]
2016-03-15 06:05:40 Error: [InternalErrorException] Internal Server Error
Request URL: /
Stack Trace:
#0 /home/preproduction/public_html/lib/Cake/Error/ErrorHandler.php(185): ErrorHandler::handleFatalError(1, 'Class 'PDO' not...', '/home/preproduc...', 249)
#1 [internal function]: ErrorHandler::handleError(1, 'Class 'PDO' not...', '/home/preproduc...', 249, Array)
#2 /home/preproduction/public_html/lib/Cake/Core/App.php(1034): call_user_func('ErrorHandler::h...', 1, 'Class 'PDO' not...', '/home/preproduc...', 249, Array)
#3 /home/preproduction/public_html/lib/Cake/Core/App.php(1007): App::_checkFatalError()
#4 [internal function]: App::shutdown()
#5 {main}
2016-03-15 08:57:28 Error: Fatal Error (1): Class 'PDO' not found in [/home/preproduction/public_html/lib/Cake/Model/Datasource/Database/Mysql.php, line 249]
2016-03-15 08:57:28 Error: [InternalErrorException] Internal Server Error
Request URL: /
Stack Trace:
#0 /home/preproduction/public_html/lib/Cake/Error/ErrorHandler.php(185): ErrorHandler::handleFatalError(1, 'Class 'PDO' not...', '/home/preproduc...', 249)
#1 [internal function]: ErrorHandler::handleError(1, 'Class 'PDO' not...', '/home/preproduc...', 249, Array)
#2 /home/preproduction/public_html/lib/Cake/Core/App.php(1034): call_user_func('ErrorHandler::h...', 1, 'Class 'PDO' not...', '/home/preproduc...', 249, Array)
#3 /home/preproduction/public_html/lib/Cake/Core/App.php(1007): App::_checkFatalError()
#4 [internal function]: App::shutdown()
#5 {main}
2016-03-15 09:43:14 Error: Fatal Error (1): Class 'PDO' not found in [/home/preproduction/public_html/lib/Cake/Model/Datasource/Database/Mysql.php, line 249]
2016-03-15 09:43:14 Error: [InternalErrorException] Internal Server Error
Request URL: /
Stack Trace:
#0 /home/preproduction/public_html/lib/Cake/Error/ErrorHandler.php(185): ErrorHandler::handleFatalError(1, 'Class 'PDO' not...', '/home/preproduc...', 249)
#1 [internal function]: ErrorHandler::handleError(1, 'Class 'PDO' not...', '/home/preproduc...', 249, Array)
#2 /home/preproduction/public_html/lib/Cake/Core/App.php(1034): call_user_func('ErrorHandler::h...', 1, 'Class 'PDO' not...', '/home/preproduc...', 249, Array)
#3 /home/preproduction/public_html/lib/Cake/Core/App.php(1007): App::_checkFatalError()
#4 [internal function]: App::shutdown()
#5 {main}
2016-03-15 17:05:44 Error: Fatal Error (1): Class 'PDO' not found in [/home/preproduction/public_html/lib/Cake/Model/Datasource/Database/Mysql.php, line 249]
2016-03-15 17:05:45 Error: [InternalErrorException] Internal Server Error
Request URL: /
Stack Trace:
#0 /home/preproduction/public_html/lib/Cake/Error/ErrorHandler.php(185): ErrorHandler::handleFatalError(1, 'Class 'PDO' not...', '/home/preproduc...', 249)
#1 [internal function]: ErrorHandler::handleError(1, 'Class 'PDO' not...', '/home/preproduc...', 249, Array)
#2 /home/preproduction/public_html/lib/Cake/Core/App.php(1034): call_user_func('ErrorHandler::h...', 1, 'Class 'PDO' not...', '/home/preproduc...', 249, Array)
#3 /home/preproduction/public_html/lib/Cake/Core/App.php(1007): App::_checkFatalError()
#4 [internal function]: App::shutdown()
#5 {main}
2016-03-15 23:02:30 Error: Fatal Error (1): Class 'PDO' not found in [/home/preproduction/public_html/lib/Cake/Model/Datasource/Database/Mysql.php, line 249]
2016-03-15 23:02:31 Error: [InternalErrorException] Internal Server Error
Request URL: /
Stack Trace:
#0 /home/preproduction/public_html/lib/Cake/Error/ErrorHandler.php(185): ErrorHandler::handleFatalError(1, 'Class 'PDO' not...', '/home/preproduc...', 249)
#1 [internal function]: ErrorHandler::handleError(1, 'Class 'PDO' not...', '/home/preproduc...', 249, Array)
#2 /home/preproduction/public_html/lib/Cake/Core/App.php(1034): call_user_func('ErrorHandler::h...', 1, 'Class 'PDO' not...', '/home/preproduc...', 249, Array)
#3 /home/preproduction/public_html/lib/Cake/Core/App.php(1007): App::_checkFatalError()
#4 [internal function]: App::shutdown()
#5 {main}
2016-03-16 04:47:08 Error: Fatal Error (1): Class 'PDO' not found in [/home/preproduction/public_html/lib/Cake/Model/Datasource/Database/Mysql.php, line 249]
2016-03-16 04:47:08 Error: [InternalErrorException] Internal Server Error
Request URL: /
Stack Trace:
#0 /home/preproduction/public_html/lib/Cake/Error/ErrorHandler.php(185): ErrorHandler::handleFatalError(1, 'Class 'PDO' not...', '/home/preproduc...', 249)
#1 [internal function]: ErrorHandler::handleError(1, 'Class 'PDO' not...', '/home/preproduc...', 249, Array)
#2 /home/preproduction/public_html/lib/Cake/Core/App.php(1034): call_user_func('ErrorHandler::h...', 1, 'Class 'PDO' not...', '/home/preproduc...', 249, Array)
#3 /home/preproduction/public_html/lib/Cake/Core/App.php(1007): App::_checkFatalError()
#4 [internal function]: App::shutdown()
#5 {main}
2016-03-16 13:58:33 Error: Fatal Error (1): Class 'PDO' not found in [/home/preproduction/public_html/lib/Cake/Model/Datasource/Database/Mysql.php, line 249]
2016-03-16 13:58:33 Error: [InternalErrorException] Internal Server Error
Request URL: /
Stack Trace:
#0 /home/preproduction/public_html/lib/Cake/Error/ErrorHandler.php(185): ErrorHandler::handleFatalError(1, 'Class 'PDO' not...', '/home/preproduc...', 249)
#1 [internal function]: ErrorHandler::handleError(1, 'Class 'PDO' not...', '/home/preproduc...', 249, Array)
#2 /home/preproduction/public_html/lib/Cake/Core/App.php(1034): call_user_func('ErrorHandler::h...', 1, 'Class 'PDO' not...', '/home/preproduc...', 249, Array)
#3 /home/preproduction/public_html/lib/Cake/Core/App.php(1007): App::_checkFatalError()
#4 [internal function]: App::shutdown()
#5 {main}
2016-03-16 14:12:21 Error: Fatal Error (1): Class 'PDO' not found in [/home/preproduction/public_html/lib/Cake/Model/Datasource/Database/Mysql.php, line 249]
2016-03-16 14:12:21 Error: [InternalErrorException] Internal Server Error
Request URL: /
Stack Trace:
#0 /home/preproduction/public_html/lib/Cake/Error/ErrorHandler.php(185): ErrorHandler::handleFatalError(1, 'Class 'PDO' not...', '/home/preproduc...', 249)
#1 [internal function]: ErrorHandler::handleError(1, 'Class 'PDO' not...', '/home/preproduc...', 249, Array)
#2 /home/preproduction/public_html/lib/Cake/Core/App.php(1034): call_user_func('ErrorHandler::h...', 1, 'Class 'PDO' not...', '/home/preproduc...', 249, Array)
#3 /home/preproduction/public_html/lib/Cake/Core/App.php(1007): App::_checkFatalError()
#4 [internal function]: App::shutdown()
#5 {main}
2016-03-16 16:43:38 Error: Fatal Error (1): Class 'PDO' not found in [/home/preproduction/public_html/lib/Cake/Model/Datasource/Database/Mysql.php, line 249]
2016-03-16 16:43:39 Error: [InternalErrorException] Internal Server Error
Request URL: /
Stack Trace:
#0 /home/preproduction/public_html/lib/Cake/Error/ErrorHandler.php(185): ErrorHandler::handleFatalError(1, 'Class 'PDO' not...', '/home/preproduc...', 249)
#1 [internal function]: ErrorHandler::handleError(1, 'Class 'PDO' not...', '/home/preproduc...', 249, Array)
#2 /home/preproduction/public_html/lib/Cake/Core/App.php(1034): call_user_func('ErrorHandler::h...', 1, 'Class 'PDO' not...', '/home/preproduc...', 249, Array)
#3 /home/preproduction/public_html/lib/Cake/Core/App.php(1007): App::_checkFatalError()
#4 [internal function]: App::shutdown()
#5 {main}
2016-03-16 16:47:18 Error: Fatal Error (1): Class 'PDO' not found in [/home/preproduction/public_html/lib/Cake/Model/Datasource/Database/Mysql.php, line 249]
2016-03-16 16:47:18 Error: [InternalErrorException] Internal Server Error
Request URL: /
Stack Trace:
#0 /home/preproduction/public_html/lib/Cake/Error/ErrorHandler.php(185): ErrorHandler::handleFatalError(1, 'Class 'PDO' not...', '/home/preproduc...', 249)
#1 [internal function]: ErrorHandler::handleError(1, 'Class 'PDO' not...', '/home/preproduc...', 249, Array)
#2 /home/preproduction/public_html/lib/Cake/Core/App.php(1034): call_user_func('ErrorHandler::h...', 1, 'Class 'PDO' not...', '/home/preproduc...', 249, Array)
#3 /home/preproduction/public_html/lib/Cake/Core/App.php(1007): App::_checkFatalError()
#4 [internal function]: App::shutdown()
#5 {main}
2016-03-16 16:47:18 Error: Fatal Error (1): Class 'PDO' not found in [/home/preproduction/public_html/lib/Cake/Model/Datasource/Database/Mysql.php, line 249]
2016-03-16 16:47:18 Error: [InternalErrorException] Internal Server Error
Request URL: /
Stack Trace:
#0 /home/preproduction/public_html/lib/Cake/Error/ErrorHandler.php(185): ErrorHandler::handleFatalError(1, 'Class 'PDO' not...', '/home/preproduc...', 249)
#1 [internal function]: ErrorHandler::handleError(1, 'Class 'PDO' not...', '/home/preproduc...', 249, Array)
#2 /home/preproduction/public_html/lib/Cake/Core/App.php(1034): call_user_func('ErrorHandler::h...', 1, 'Class 'PDO' not...', '/home/preproduc...', 249, Array)
#3 /home/preproduction/public_html/lib/Cake/Core/App.php(1007): App::_checkFatalError()
#4 [internal function]: App::shutdown()
#5 {main}
2016-03-16 19:28:34 Error: Fatal Error (1): Class 'PDO' not found in [/home/preproduction/public_html/lib/Cake/Model/Datasource/Database/Mysql.php, line 249]
2016-03-16 19:28:34 Error: [InternalErrorException] Internal Server Error
Request URL: /
Stack Trace:
#0 /home/preproduction/public_html/lib/Cake/Error/ErrorHandler.php(185): ErrorHandler::handleFatalError(1, 'Class 'PDO' not...', '/home/preproduc...', 249)
#1 [internal function]: ErrorHandler::handleError(1, 'Class 'PDO' not...', '/home/preproduc...', 249, Array)
#2 /home/preproduction/public_html/lib/Cake/Core/App.php(1034): call_user_func('ErrorHandler::h...', 1, 'Class 'PDO' not...', '/home/preproduc...', 249, Array)
#3 /home/preproduction/public_html/lib/Cake/Core/App.php(1007): App::_checkFatalError()
#4 [internal function]: App::shutdown()
#5 {main}
2016-03-16 19:28:34 Error: Fatal Error (1): Class 'PDO' not found in [/home/preproduction/public_html/lib/Cake/Model/Datasource/Database/Mysql.php, line 249]
2016-03-16 19:28:34 Error: [InternalErrorException] Internal Server Error
Request URL: /
Stack Trace:
#0 /home/preproduction/public_html/lib/Cake/Error/ErrorHandler.php(185): ErrorHandler::handleFatalError(1, 'Class 'PDO' not...', '/home/preproduc...', 249)
#1 [internal function]: ErrorHandler::handleError(1, 'Class 'PDO' not...', '/home/preproduc...', 249, Array)
#2 /home/preproduction/public_html/lib/Cake/Core/App.php(1034): call_user_func('ErrorHandler::h...', 1, 'Class 'PDO' not...', '/home/preproduc...', 249, Array)
#3 /home/preproduction/public_html/lib/Cake/Core/App.php(1007): App::_checkFatalError()
#4 [internal function]: App::shutdown()
#5 {main}
2016-03-16 22:02:45 Error: Fatal Error (1): Class 'PDO' not found in [/home/preproduction/public_html/lib/Cake/Model/Datasource/Database/Mysql.php, line 249]
2016-03-16 22:02:45 Error: [InternalErrorException] Internal Server Error
Request URL: /
Stack Trace:
#0 /home/preproduction/public_html/lib/Cake/Error/ErrorHandler.php(185): ErrorHandler::handleFatalError(1, 'Class 'PDO' not...', '/home/preproduc...', 249)
#1 [internal function]: ErrorHandler::handleError(1, 'Class 'PDO' not...', '/home/preproduc...', 249, Array)
#2 /home/preproduction/public_html/lib/Cake/Core/App.php(1034): call_user_func('ErrorHandler::h...', 1, 'Class 'PDO' not...', '/home/preproduc...', 249, Array)
#3 /home/preproduction/public_html/lib/Cake/Core/App.php(1007): App::_checkFatalError()
#4 [internal function]: App::shutdown()
#5 {main}
2016-03-17 04:42:23 Error: Fatal Error (1): Class 'PDO' not found in [/home/preproduction/public_html/lib/Cake/Model/Datasource/Database/Mysql.php, line 249]
2016-03-17 04:42:24 Error: [InternalErrorException] Internal Server Error
Request URL: /
Stack Trace:
#0 /home/preproduction/public_html/lib/Cake/Error/ErrorHandler.php(185): ErrorHandler::handleFatalError(1, 'Class 'PDO' not...', '/home/preproduc...', 249)
#1 [internal function]: ErrorHandler::handleError(1, 'Class 'PDO' not...', '/home/preproduc...', 249, Array)
#2 /home/preproduction/public_html/lib/Cake/Core/App.php(1034): call_user_func('ErrorHandler::h...', 1, 'Class 'PDO' not...', '/home/preproduc...', 249, Array)
#3 /home/preproduction/public_html/lib/Cake/Core/App.php(1007): App::_checkFatalError()
#4 [internal function]: App::shutdown()
#5 {main}
2016-03-17 14:43:43 Error: Fatal Error (1): Class 'PDO' not found in [/home/preproduction/public_html/lib/Cake/Model/Datasource/Database/Mysql.php, line 249]
2016-03-17 14:43:44 Error: [InternalErrorException] Internal Server Error
Request URL: /
Stack Trace:
#0 /home/preproduction/public_html/lib/Cake/Error/ErrorHandler.php(185): ErrorHandler::handleFatalError(1, 'Class 'PDO' not...', '/home/preproduc...', 249)
#1 [internal function]: ErrorHandler::handleError(1, 'Class 'PDO' not...', '/home/preproduc...', 249, Array)
#2 /home/preproduction/public_html/lib/Cake/Core/App.php(1034): call_user_func('ErrorHandler::h...', 1, 'Class 'PDO' not...', '/home/preproduc...', 249, Array)
#3 /home/preproduction/public_html/lib/Cake/Core/App.php(1007): App::_checkFatalError()
#4 [internal function]: App::shutdown()
#5 {main}
2016-03-17 14:45:33 Error: Fatal Error (1): Class 'PDO' not found in [/home/preproduction/public_html/lib/Cake/Model/Datasource/Database/Mysql.php, line 249]
2016-03-17 14:45:33 Error: [InternalErrorException] Internal Server Error
Request URL: /
Stack Trace:
#0 /home/preproduction/public_html/lib/Cake/Error/ErrorHandler.php(185): ErrorHandler::handleFatalError(1, 'Class 'PDO' not...', '/home/preproduc...', 249)
#1 [internal function]: ErrorHandler::handleError(1, 'Class 'PDO' not...', '/home/preproduc...', 249, Array)
#2 /home/preproduction/public_html/lib/Cake/Core/App.php(1034): call_user_func('ErrorHandler::h...', 1, 'Class 'PDO' not...', '/home/preproduc...', 249, Array)
#3 /home/preproduction/public_html/lib/Cake/Core/App.php(1007): App::_checkFatalError()
#4 [internal function]: App::shutdown()
#5 {main}
2016-03-17 16:36:11 Error: Fatal Error (1): Class 'PDO' not found in [/home/preproduction/public_html/lib/Cake/Model/Datasource/Database/Mysql.php, line 249]
2016-03-17 16:36:12 Error: [InternalErrorException] Internal Server Error
Request URL: /
Stack Trace:
#0 /home/preproduction/public_html/lib/Cake/Error/ErrorHandler.php(185): ErrorHandler::handleFatalError(1, 'Class 'PDO' not...', '/home/preproduc...', 249)
#1 [internal function]: ErrorHandler::handleError(1, 'Class 'PDO' not...', '/home/preproduc...', 249, Array)
#2 /home/preproduction/public_html/lib/Cake/Core/App.php(1034): call_user_func('ErrorHandler::h...', 1, 'Class 'PDO' not...', '/home/preproduc...', 249, Array)
#3 /home/preproduction/public_html/lib/Cake/Core/App.php(1007): App::_checkFatalError()
#4 [internal function]: App::shutdown()
#5 {main}
2016-03-17 16:36:14 Error: Fatal Error (1): Class 'PDO' not found in [/home/preproduction/public_html/lib/Cake/Model/Datasource/Database/Mysql.php, line 249]
2016-03-17 16:36:14 Error: [InternalErrorException] Internal Server Error
Request URL: /
Stack Trace:
#0 /home/preproduction/public_html/lib/Cake/Error/ErrorHandler.php(185): ErrorHandler::handleFatalError(1, 'Class 'PDO' not...', '/home/preproduc...', 249)
#1 [internal function]: ErrorHandler::handleError(1, 'Class 'PDO' not...', '/home/preproduc...', 249, Array)
#2 /home/preproduction/public_html/lib/Cake/Core/App.php(1034): call_user_func('ErrorHandler::h...', 1, 'Class 'PDO' not...', '/home/preproduc...', 249, Array)
#3 /home/preproduction/public_html/lib/Cake/Core/App.php(1007): App::_checkFatalError()
#4 [internal function]: App::shutdown()
#5 {main}
2016-03-18 04:57:56 Error: Fatal Error (1): Class 'PDO' not found in [/home/preproduction/public_html/lib/Cake/Model/Datasource/Database/Mysql.php, line 249]
2016-03-18 04:57:57 Error: [InternalErrorException] Internal Server Error
Request URL: /
Stack Trace:
#0 /home/preproduction/public_html/lib/Cake/Error/ErrorHandler.php(185): ErrorHandler::handleFatalError(1, 'Class 'PDO' not...', '/home/preproduc...', 249)
#1 [internal function]: ErrorHandler::handleError(1, 'Class 'PDO' not...', '/home/preproduc...', 249, Array)
#2 /home/preproduction/public_html/lib/Cake/Core/App.php(1034): call_user_func('ErrorHandler::h...', 1, 'Class 'PDO' not...', '/home/preproduc...', 249, Array)
#3 /home/preproduction/public_html/lib/Cake/Core/App.php(1007): App::_checkFatalError()
#4 [internal function]: App::shutdown()
#5 {main}
2016-03-18 06:58:33 Error: Fatal Error (1): Class 'PDO' not found in [/home/preproduction/public_html/lib/Cake/Model/Datasource/Database/Mysql.php, line 249]
2016-03-18 06:58:33 Error: [InternalErrorException] Internal Server Error
Request URL: /
Stack Trace:
#0 /home/preproduction/public_html/lib/Cake/Error/ErrorHandler.php(185): ErrorHandler::handleFatalError(1, 'Class 'PDO' not...', '/home/preproduc...', 249)
#1 [internal function]: ErrorHandler::handleError(1, 'Class 'PDO' not...', '/home/preproduc...', 249, Array)
#2 /home/preproduction/public_html/lib/Cake/Core/App.php(1034): call_user_func('ErrorHandler::h...', 1, 'Class 'PDO' not...', '/home/preproduc...', 249, Array)
#3 /home/preproduction/public_html/lib/Cake/Core/App.php(1007): App::_checkFatalError()
#4 [internal function]: App::shutdown()
#5 {main}
2016-03-19 06:06:12 Error: Fatal Error (1): Class 'PDO' not found in [/home/preproduction/public_html/lib/Cake/Model/Datasource/Database/Mysql.php, line 249]
2016-03-19 06:06:14 Error: [InternalErrorException] Internal Server Error
Request URL: /
Stack Trace:
#0 /home/preproduction/public_html/lib/Cake/Error/ErrorHandler.php(185): ErrorHandler::handleFatalError(1, 'Class 'PDO' not...', '/home/preproduc...', 249)
#1 [internal function]: ErrorHandler::handleError(1, 'Class 'PDO' not...', '/home/preproduc...', 249, Array)
#2 /home/preproduction/public_html/lib/Cake/Core/App.php(1034): call_user_func('ErrorHandler::h...', 1, 'Class 'PDO' not...', '/home/preproduc...', 249, Array)
#3 /home/preproduction/public_html/lib/Cake/Core/App.php(1007): App::_checkFatalError()
#4 [internal function]: App::shutdown()
#5 {main}
2016-03-20 06:17:48 Error: Fatal Error (1): Class 'PDO' not found in [/home/preproduction/public_html/lib/Cake/Model/Datasource/Database/Mysql.php, line 249]
2016-03-20 06:17:49 Error: [InternalErrorException] Internal Server Error
Request URL: /
Stack Trace:
#0 /home/preproduction/public_html/lib/Cake/Error/ErrorHandler.php(185): ErrorHandler::handleFatalError(1, 'Class 'PDO' not...', '/home/preproduc...', 249)
#1 [internal function]: ErrorHandler::handleError(1, 'Class 'PDO' not...', '/home/preproduc...', 249, Array)
#2 /home/preproduction/public_html/lib/Cake/Core/App.php(1034): call_user_func('ErrorHandler::h...', 1, 'Class 'PDO' not...', '/home/preproduc...', 249, Array)
#3 /home/preproduction/public_html/lib/Cake/Core/App.php(1007): App::_checkFatalError()
#4 [internal function]: App::shutdown()
#5 {main}
2016-03-20 16:34:18 Error: Fatal Error (1): Class 'PDO' not found in [/home/preproduction/public_html/lib/Cake/Model/Datasource/Database/Mysql.php, line 249]
2016-03-20 16:34:18 Error: [InternalErrorException] Internal Server Error
Request URL: /
Stack Trace:
#0 /home/preproduction/public_html/lib/Cake/Error/ErrorHandler.php(185): ErrorHandler::handleFatalError(1, 'Class 'PDO' not...', '/home/preproduc...', 249)
#1 [internal function]: ErrorHandler::handleError(1, 'Class 'PDO' not...', '/home/preproduc...', 249, Array)
#2 /home/preproduction/public_html/lib/Cake/Core/App.php(1034): call_user_func('ErrorHandler::h...', 1, 'Class 'PDO' not...', '/home/preproduc...', 249, Array)
#3 /home/preproduction/public_html/lib/Cake/Core/App.php(1007): App::_checkFatalError()
#4 [internal function]: App::shutdown()
#5 {main}
2016-03-21 04:41:20 Error: Fatal Error (1): Class 'PDO' not found in [/home/preproduction/public_html/lib/Cake/Model/Datasource/Database/Mysql.php, line 249]
2016-03-21 04:41:21 Error: [InternalErrorException] Internal Server Error
Request URL: /
Stack Trace:
#0 /home/preproduction/public_html/lib/Cake/Error/ErrorHandler.php(185): ErrorHandler::handleFatalError(1, 'Class 'PDO' not...', '/home/preproduc...', 249)
#1 [internal function]: ErrorHandler::handleError(1, 'Class 'PDO' not...', '/home/preproduc...', 249, Array)
#2 /home/preproduction/public_html/lib/Cake/Core/App.php(1034): call_user_func('ErrorHandler::h...', 1, 'Class 'PDO' not...', '/home/preproduc...', 249, Array)
#3 /home/preproduction/public_html/lib/Cake/Core/App.php(1007): App::_checkFatalError()
#4 [internal function]: App::shutdown()
#5 {main}
